
  .   ____          _            __ _ _
 /\\ / ___'_ __ _ _(_)_ __  __ _ \ \ \ \
( ( )\___ | '_ | '_| | '_ \/ _` | \ \ \ \
 \\/  ___)| |_)| | | | | || (_| |  ) ) ) )
  '  |____| .__|_| |_|_| |_\__, | / / / /
 =========|_|==============|___/=/_/_/_/
 :: Spring Boot ::                (v3.2.5)

2026-03-05T06:17:03.524+08:00  INFO 5341 --- [outline-playground] [           main] o.t.o.playground.PlaygroundApplication   : Starting PlaygroundApplication v1.0-SNAPSHOT using Java 21.0.6 with PID 5341 (/Users/imac/Documents/code/github/outline/deploy/outline-playground.jar started by imac in /Users/imac/Documents/code/github/outline/deploy)
2026-03-05T06:17:03.527+08:00  INFO 5341 --- [outline-playground] [           main] o.t.o.playground.PlaygroundApplication   : No active profile set, falling back to 1 default profile: "default"
2026-03-05T06:17:04.598+08:00  INFO 5341 --- [outline-playground] [           main] o.s.b.w.embedded.tomcat.TomcatWebServer  : Tomcat initialized with port 8080 (http)
2026-03-05T06:17:04.606+08:00  INFO 5341 --- [outline-playground] [           main] o.apache.catalina.core.StandardService   : Starting service [Tomcat]
2026-03-05T06:17:04.606+08:00  INFO 5341 --- [outline-playground] [           main] o.apache.catalina.core.StandardEngine    : Starting Servlet engine: [Apache Tomcat/10.1.20]
2026-03-05T06:17:04.631+08:00  INFO 5341 --- [outline-playground] [           main] o.a.c.c.C.[Tomcat].[localhost].[/]       : Initializing Spring embedded WebApplicationContext
2026-03-05T06:17:04.633+08:00  INFO 5341 --- [outline-playground] [           main] w.s.c.ServletWebServerApplicationContext : Root WebApplicationContext: initialization completed in 1011 ms
2026-03-05T06:17:04.852+08:00  INFO 5341 --- [outline-playground] [           main] o.t.o.p.service.ExamplesRepository       : Loaded 12 built-in examples
2026-03-05T06:17:05.644+08:00  INFO 5341 --- [outline-playground] [           main] com.zaxxer.hikari.HikariDataSource       : HikariPool-1 - Starting...
2026-03-05T06:17:05.918+08:00  INFO 5341 --- [outline-playground] [           main] com.zaxxer.hikari.pool.HikariPool        : HikariPool-1 - Added connection org.sqlite.jdbc4.JDBC4Connection@6088451e
2026-03-05T06:17:05.919+08:00  INFO 5341 --- [outline-playground] [           main] com.zaxxer.hikari.HikariDataSource       : HikariPool-1 - Start completed.
2026-03-05T06:17:05.962+08:00  INFO 5341 --- [outline-playground] [           main] o.s.b.a.w.s.WelcomePageHandlerMapping    : Adding welcome page: class path resource [static/index.html]
2026-03-05T06:17:06.106+08:00  INFO 5341 --- [outline-playground] [           main] o.s.b.w.embedded.tomcat.TomcatWebServer  : Tomcat started on port 8080 (http) with context path ''
2026-03-05T06:17:06.116+08:00  INFO 5341 --- [outline-playground] [           main] o.t.o.playground.PlaygroundApplication   : Started PlaygroundApplication in 3.008 seconds (process running for 3.564)
2026-03-05T06:17:29.805+08:00  INFO 5341 --- [outline-playground] [nio-8080-exec-1] o.a.c.c.C.[Tomcat].[localhost].[/]       : Initializing Spring DispatcherServlet 'dispatcherServlet'
2026-03-05T06:17:29.808+08:00  INFO 5341 --- [outline-playground] [nio-8080-exec-1] o.s.web.servlet.DispatcherServlet        : Initializing Servlet 'dispatcherServlet'
2026-03-05T06:17:29.813+08:00  INFO 5341 --- [outline-playground] [nio-8080-exec-1] o.s.web.servlet.DispatcherServlet        : Completed initialization in 5 ms
